<?xml version="1.0" encoding="UTF-8"?>
<!-- Generated by org.testng.reporters.JUnitXMLReporter -->
<testsuite hostname="DESKTOP-0TH5CHR" ignored="2" name="Test" tests="13" failures="3" timestamp="2020-07-07T01:56:14 IST" time="198.619" errors="0">
  <testcase name="departureCalendarClick_" time="12.44" classname="com.skillassure.training.tests.DepartureCalendarClick"/>
  <testcase name="ArrivalCalendarClick_" time="27.34" classname="com.skillassure.training.tests.ArrivalCalendarClick"/>
  <testcase name="login" time="11.579" classname="com.skillassure.training.tests.Data"/>
  <testcase name="signin" time="20.879" classname="com.skillassure.training.tests.ScheduleFlight"/>
  <testcase name="scheduleFlight" time="19.715" classname="com.skillassure.training.tests.CostOfClass"/>
  <testcase name="scheduleFlight" time="10.946" classname="com.skillassure.training.tests.ChooseFlight"/>
  <testcase name="scheduleFlight" time="15.989" classname="com.skillassure.training.tests.AddFlightDetails"/>
  <testcase name="ArrivalTimeClick_" time="17.049" classname="com.skillassure.training.tests.ArrivalTimeClick"/>
  <testcase name="login" time="0.001" classname="com.skillassure.training.tests.Data">
    <failure type="java.lang.NullPointerException">
      <![CDATA[java.lang.NullPointerException
at com.skillassure.training.tests.Data.login(Data.java:38)
at java.util.ArrayList.forEach(ArrayList.java:1257)
... Removed 27 stack frames]]>
    </failure>
  </testcase> <!-- login -->
  <testcase name="route_" time="17.814" classname="com.skillassure.training.tests.Route"/>
  <testcase name="login" time="0.003" classname="com.skillassure.training.tests.Data">
    <failure type="java.lang.NullPointerException">
      <![CDATA[java.lang.NullPointerException
at com.skillassure.training.tests.Data.login(Data.java:38)
at java.util.ArrayList.forEach(ArrayList.java:1257)
... Removed 27 stack frames]]>
    </failure>
  </testcase> <!-- login -->
  <testcase name="depatureCalendarClick_" time="19.658" classname="com.skillassure.training.tests.DepartureCalendarSelect">
    <failure type="org.openqa.selenium.NoSuchElementException" message="no such element: Unable to locate element: {&amp;quot;method&amp;quot;:&amp;quot;xpath&amp;quot;,&amp;quot;selector&amp;quot;:&amp;quot;//*[@id=&amp;quot;ui-datepicker-div&amp;quot;]/table/tbody/tr[2]/td[1]/a&amp;quot;}
  (Session info: chrome=83.0.4103.116)
For documentation on this error, please visit: https://www.seleniumhq.org/exceptions/no_such_element.html
Build info: version: &amp;apos;3.141.59&amp;apos;, revision: &amp;apos;e82be7d358&amp;apos;, time: &amp;apos;2018-11-14T08:25:48&amp;apos;
System info: host: &amp;apos;DESKTOP-0TH5CHR&amp;apos;, ip: &amp;apos;192.168.56.1&amp;apos;, os.name: &amp;apos;Windows 10&amp;apos;, os.arch: &amp;apos;amd64&amp;apos;, os.version: &amp;apos;10.0&amp;apos;, java.version: &amp;apos;1.8.0_172&amp;apos;
Driver info: org.openqa.selenium.chrome.ChromeDriver
Capabilities {acceptInsecureCerts: false, browserName: chrome, browserVersion: 83.0.4103.116, chrome: {chromedriverVersion: 83.0.4103.39 (ccbf011cb2d2b..., userDataDir: C:\Users\Dell\AppData\Local...}, goog:chromeOptions: {debuggerAddress: localhost:48794}, javascriptEnabled: true, networkConnectionEnabled: false, pageLoadStrategy: normal, platform: WINDOWS, platformName: WINDOWS, proxy: Proxy(), setWindowRect: true, strictFileInteractability: false, timeouts: {implicit: 0, pageLoad: 300000, script: 30000}, unhandledPromptBehavior: dismiss and notify, webauthn:virtualAuthenticators: true}
Session ID: fb7618e1414b1c452c07fc20bb5274ae
*** Element info: {Using=xpath, value=//*[@id=&amp;quot;ui-datepicker-div&amp;quot;]/table/tbody/tr[2]/td[1]/a}">
      <![CDATA[org.openqa.selenium.NoSuchElementException: no such element: Unable to locate element: {"method":"xpath","selector":"//*[@id="ui-datepicker-div"]/table/tbody/tr[2]/td[1]/a"}
  (Session info: chrome=83.0.4103.116)
For documentation on this error, please visit: https://www.seleniumhq.org/exceptions/no_such_element.html
Build info: version: '3.141.59', revision: 'e82be7d358', time: '2018-11-14T08:25:48'
System info: host: 'DESKTOP-0TH5CHR', ip: '192.168.56.1', os.name: 'Windows 10', os.arch: 'amd64', os.version: '10.0', java.version: '1.8.0_172'
Driver info: org.openqa.selenium.chrome.ChromeDriver
Capabilities {acceptInsecureCerts: false, browserName: chrome, browserVersion: 83.0.4103.116, chrome: {chromedriverVersion: 83.0.4103.39 (ccbf011cb2d2b..., userDataDir: C:\Users\Dell\AppData\Local...}, goog:chromeOptions: {debuggerAddress: localhost:48794}, javascriptEnabled: true, networkConnectionEnabled: false, pageLoadStrategy: normal, platform: WINDOWS, platformName: WINDOWS, proxy: Proxy(), setWindowRect: true, strictFileInteractability: false, timeouts: {implicit: 0, pageLoad: 300000, script: 30000}, unhandledPromptBehavior: dismiss and notify, webauthn:virtualAuthenticators: true}
Session ID: fb7618e1414b1c452c07fc20bb5274ae
*** Element info: {Using=xpath, value=//*[@id="ui-datepicker-div"]/table/tbody/tr[2]/td[1]/a}
at org.openqa.selenium.remote.http.W3CHttpResponseCodec.createException(W3CHttpResponseCodec.java:187)
at org.openqa.selenium.remote.http.W3CHttpResponseCodec.decode(W3CHttpResponseCodec.java:122)
at org.openqa.selenium.remote.http.W3CHttpResponseCodec.decode(W3CHttpResponseCodec.java:49)
at org.openqa.selenium.remote.HttpCommandExecutor.execute(HttpCommandExecutor.java:158)
at org.openqa.selenium.remote.service.DriverCommandExecutor.execute(DriverCommandExecutor.java:83)
at org.openqa.selenium.remote.RemoteWebDriver.execute(RemoteWebDriver.java:552)
at org.openqa.selenium.remote.RemoteWebDriver.findElement(RemoteWebDriver.java:323)
at org.openqa.selenium.remote.RemoteWebDriver.findElementByXPath(RemoteWebDriver.java:428)
at org.openqa.selenium.By$ByXPath.findElement(By.java:353)
at org.openqa.selenium.remote.RemoteWebDriver.findElement(RemoteWebDriver.java:315)
at com.skillassure.training.tests.DepartureCalendarSelect.depatureCalendarClick_(DepartureCalendarSelect.java:30)
at java.util.ArrayList.forEach(ArrayList.java:1257)
... Removed 31 stack frames]]>
    </failure>
  </testcase> <!-- depatureCalendarClick_ -->
  <testcase name="departuretime" time="14.553" classname="com.skillassure.training.tests.DepartureTimeClick"/>
  <testcase name="@BeforeTest OpenApp" time="0.0" classname="com.skillassure.training.tests.Data">
    <ignored/>
  </testcase> <!-- @BeforeTest OpenApp -->
  <testcase name="@BeforeTest OpenApp" time="0.0" classname="com.skillassure.training.tests.Data">
    <ignored/>
  </testcase> <!-- @BeforeTest OpenApp -->
</testsuite> <!-- Test -->
