<?xml version="1.0" encoding="UTF-8"?>
<testng-results skipped="0" failed="0" ignored="0" total="1" passed="1">
  <reporter-output>
  </reporter-output>
  <suite name="Default suite" duration-ms="17994" started-at="2020-07-06T01:28:09 IST" finished-at="2020-07-06T01:28:27 IST">
    <groups>
    </groups>
    <test name="Default test" duration-ms="17994" started-at="2020-07-06T01:28:09 IST" finished-at="2020-07-06T01:28:27 IST">
      <class name="com.skillassure.training.tests.AddFlightDetails">
        <test-method status="PASS" signature="scheduleFlight()[pri:0, instance:com.skillassure.training.tests.AddFlightDetails@bd8db5a]" name="scheduleFlight" duration-ms="17947" started-at="2020-07-06T01:28:09 IST" finished-at="2020-07-06T01:28:27 IST">
          <reporter-output>
          </reporter-output>
        </test-method> <!-- scheduleFlight -->
      </class> <!-- com.skillassure.training.tests.AddFlightDetails -->
    </test> <!-- Default test -->
  </suite> <!-- Default suite -->
</testng-results>
