<?xml version="1.0" encoding="UTF-8"?>
<testng-results skipped="0" failed="3" ignored="2" total="15" passed="10">
  <reporter-output>
  </reporter-output>
  <suite name="Suite" duration-ms="198619" started-at="2020-07-07T01:52:54 IST" finished-at="2020-07-07T01:56:13 IST">
    <groups>
    </groups>
    <test name="Test" duration-ms="198619" started-at="2020-07-07T01:52:54 IST" finished-at="2020-07-07T01:56:13 IST">
      <class name="com.skillassure.training.tests.ScheduleFlight">
        <test-method status="PASS" signature="OpenApp()[pri:0, instance:com.skillassure.training.tests.ScheduleFlight@2f465398]" name="OpenApp" is-config="true" duration-ms="9673" started-at="2020-07-07T01:52:54 IST" finished-at="2020-07-07T01:53:04 IST">
          <reporter-output>
          </reporter-output>
        </test-method> <!-- OpenApp -->
        <test-method status="PASS" signature="login(java.lang.String, java.lang.String)[pri:0, instance:com.skillassure.training.tests.ScheduleFlight@2f465398]" name="login" duration-ms="11579" started-at="2020-07-07T01:53:44 IST" data-provider="empLogin" finished-at="2020-07-07T01:53:56 IST">
          <params>
            <param index="0">
              <value>
                <![CDATA[admin@mindtree.com]]>
              </value>
            </param>
            <param index="1">
              <value>
                <![CDATA[admin]]>
              </value>
            </param>
          </params>
          <reporter-output>
          </reporter-output>
        </test-method> <!-- login -->
        <test-method status="PASS" signature="signin()[pri:0, instance:com.skillassure.training.tests.ScheduleFlight@2f465398]" name="signin" duration-ms="20879" started-at="2020-07-07T01:53:56 IST" finished-at="2020-07-07T01:54:17 IST">
          <reporter-output>
          </reporter-output>
        </test-method> <!-- signin -->
      </class> <!-- com.skillassure.training.tests.ScheduleFlight -->
      <class name="com.skillassure.training.tests.ChooseFlight">
        <test-method status="PASS" signature="scheduleFlight()[pri:0, instance:com.skillassure.training.tests.ChooseFlight@175b9425]" name="scheduleFlight" duration-ms="10946" started-at="2020-07-07T01:54:37 IST" finished-at="2020-07-07T01:54:48 IST">
          <reporter-output>
          </reporter-output>
        </test-method> <!-- scheduleFlight -->
      </class> <!-- com.skillassure.training.tests.ChooseFlight -->
      <class name="com.skillassure.training.tests.Route">
        <test-method status="FAIL" signature="login(java.lang.String, java.lang.String)[pri:0, instance:com.skillassure.training.tests.Route@6a03bcb1]" name="login" duration-ms="1" started-at="2020-07-07T01:55:21 IST" data-provider="empLogin" finished-at="2020-07-07T01:55:21 IST">
          <params>
            <param index="0">
              <value>
                <![CDATA[admin@mindtree.com]]>
              </value>
            </param>
            <param index="1">
              <value>
                <![CDATA[admin]]>
              </value>
            </param>
          </params>
          <exception class="java.lang.NullPointerException">
            <full-stacktrace>
              <![CDATA[java.lang.NullPointerException
at com.skillassure.training.tests.Data.login(Data.java:38)
at sun.reflect.NativeMethodAccessorImpl.invoke0(Native Method)
at sun.reflect.NativeMethodAccessorImpl.invoke(NativeMethodAccessorImpl.java:62)
at sun.reflect.DelegatingMethodAccessorImpl.invoke(DelegatingMethodAccessorImpl.java:43)
at java.lang.reflect.Method.invoke(Method.java:498)
at org.testng.internal.MethodInvocationHelper.invokeMethod(MethodInvocationHelper.java:133)
at org.testng.internal.TestInvoker.invokeMethod(TestInvoker.java:584)
at org.testng.internal.TestInvoker.invokeTestMethod(TestInvoker.java:172)
at org.testng.internal.MethodRunner.runInSequence(MethodRunner.java:46)
at org.testng.internal.TestInvoker$MethodInvocationAgent.invoke(TestInvoker.java:804)
at org.testng.internal.TestInvoker.invokeTestMethods(TestInvoker.java:145)
at org.testng.internal.TestMethodWorker.invokeTestMethods(TestMethodWorker.java:146)
at org.testng.internal.TestMethodWorker.run(TestMethodWorker.java:128)
at java.util.ArrayList.forEach(ArrayList.java:1257)
at org.testng.TestRunner.privateRun(TestRunner.java:770)
at org.testng.TestRunner.run(TestRunner.java:591)
at org.testng.SuiteRunner.runTest(SuiteRunner.java:402)
at org.testng.SuiteRunner.runSequentially(SuiteRunner.java:396)
at org.testng.SuiteRunner.privateRun(SuiteRunner.java:355)
at org.testng.SuiteRunner.run(SuiteRunner.java:304)
at org.testng.SuiteRunnerWorker.runSuite(SuiteRunnerWorker.java:53)
at org.testng.SuiteRunnerWorker.run(SuiteRunnerWorker.java:96)
at org.testng.TestNG.runSuitesSequentially(TestNG.java:1180)
at org.testng.TestNG.runSuitesLocally(TestNG.java:1102)
at org.testng.TestNG.runSuites(TestNG.java:1032)
at org.testng.TestNG.run(TestNG.java:1000)
at org.testng.remote.AbstractRemoteTestNG.run(AbstractRemoteTestNG.java:115)
at org.testng.remote.RemoteTestNG.initAndRun(RemoteTestNG.java:251)
at org.testng.remote.RemoteTestNG.main(RemoteTestNG.java:77)
]]>
            </full-stacktrace>
          </exception> <!-- java.lang.NullPointerException -->
          <reporter-output>
          </reporter-output>
        </test-method> <!-- login -->
        <test-method status="PASS" signature="route_()[pri:0, instance:com.skillassure.training.tests.Route@6a03bcb1]" name="route_" duration-ms="17814" started-at="2020-07-07T01:55:21 IST" finished-at="2020-07-07T01:55:39 IST">
          <reporter-output>
          </reporter-output>
        </test-method> <!-- route_ -->
      </class> <!-- com.skillassure.training.tests.Route -->
      <class name="com.skillassure.training.tests.ArrivalTimeClick">
        <test-method status="PASS" signature="ArrivalTimeClick_()[pri:0, instance:com.skillassure.training.tests.ArrivalTimeClick@610f7aa]" name="ArrivalTimeClick_" duration-ms="17049" started-at="2020-07-07T01:55:04 IST" finished-at="2020-07-07T01:55:21 IST">
          <reporter-output>
          </reporter-output>
        </test-method> <!-- ArrivalTimeClick_ -->
      </class> <!-- com.skillassure.training.tests.ArrivalTimeClick -->
      <class name="com.skillassure.training.tests.AddFlightDetails">
        <test-method status="PASS" signature="scheduleFlight()[pri:0, instance:com.skillassure.training.tests.AddFlightDetails@3098cf3b]" name="scheduleFlight" duration-ms="15989" started-at="2020-07-07T01:54:48 IST" finished-at="2020-07-07T01:55:04 IST">
          <reporter-output>
          </reporter-output>
        </test-method> <!-- scheduleFlight -->
      </class> <!-- com.skillassure.training.tests.AddFlightDetails -->
      <class name="com.skillassure.training.tests.ArrivalCalendarClick">
        <test-method status="PASS" signature="ArrivalCalendarClick_()[pri:0, instance:com.skillassure.training.tests.ArrivalCalendarClick@623a8092]" name="ArrivalCalendarClick_" duration-ms="27340" started-at="2020-07-07T01:53:16 IST" finished-at="2020-07-07T01:53:44 IST">
          <reporter-output>
          </reporter-output>
        </test-method> <!-- ArrivalCalendarClick_ -->
      </class> <!-- com.skillassure.training.tests.ArrivalCalendarClick -->
      <class name="com.skillassure.training.tests.CostOfClass">
        <test-method status="PASS" signature="scheduleFlight()[pri:0, instance:com.skillassure.training.tests.CostOfClass@a1cdc6d]" name="scheduleFlight" duration-ms="19715" started-at="2020-07-07T01:54:17 IST" finished-at="2020-07-07T01:54:37 IST">
          <reporter-output>
          </reporter-output>
        </test-method> <!-- scheduleFlight -->
      </class> <!-- com.skillassure.training.tests.CostOfClass -->
      <class name="com.skillassure.training.tests.DepartureCalendarClick">
        <test-method status="PASS" signature="departureCalendarClick_()[pri:0, instance:com.skillassure.training.tests.DepartureCalendarClick@548e6d58]" name="departureCalendarClick_" duration-ms="12440" started-at="2020-07-07T01:53:04 IST" finished-at="2020-07-07T01:53:16 IST">
          <reporter-output>
          </reporter-output>
        </test-method> <!-- departureCalendarClick_ -->
      </class> <!-- com.skillassure.training.tests.DepartureCalendarClick -->
      <class name="com.skillassure.training.tests.DepartureTimeClick">
        <test-method status="PASS" signature="departuretime()[pri:0, instance:com.skillassure.training.tests.DepartureTimeClick@5609159b]" name="departuretime" duration-ms="14553" started-at="2020-07-07T01:55:58 IST" finished-at="2020-07-07T01:56:13 IST">
          <reporter-output>
          </reporter-output>
        </test-method> <!-- departuretime -->
      </class> <!-- com.skillassure.training.tests.DepartureTimeClick -->
      <class name="com.skillassure.training.tests.DepartureCalendarSelect">
        <test-method status="FAIL" signature="depatureCalendarClick_()[pri:0, instance:com.skillassure.training.tests.DepartureCalendarSelect@57250572]" name="depatureCalendarClick_" duration-ms="19658" started-at="2020-07-07T01:55:39 IST" finished-at="2020-07-07T01:55:58 IST">
          <exception class="org.openqa.selenium.NoSuchElementException">
            <message>
              <![CDATA[no such element: Unable to locate element: {"method":"xpath","selector":"//*[@id="ui-datepicker-div"]/table/tbody/tr[2]/td[1]/a"}
  (Session info: chrome=83.0.4103.116)
For documentation on this error, please visit: https://www.seleniumhq.org/exceptions/no_such_element.html
Build info: version: '3.141.59', revision: 'e82be7d358', time: '2018-11-14T08:25:48'
System info: host: 'DESKTOP-0TH5CHR', ip: '192.168.56.1', os.name: 'Windows 10', os.arch: 'amd64', os.version: '10.0', java.version: '1.8.0_172'
Driver info: org.openqa.selenium.chrome.ChromeDriver
Capabilities {acceptInsecureCerts: false, browserName: chrome, browserVersion: 83.0.4103.116, chrome: {chromedriverVersion: 83.0.4103.39 (ccbf011cb2d2b..., userDataDir: C:\Users\Dell\AppData\Local...}, goog:chromeOptions: {debuggerAddress: localhost:48794}, javascriptEnabled: true, networkConnectionEnabled: false, pageLoadStrategy: normal, platform: WINDOWS, platformName: WINDOWS, proxy: Proxy(), setWindowRect: true, strictFileInteractability: false, timeouts: {implicit: 0, pageLoad: 300000, script: 30000}, unhandledPromptBehavior: dismiss and notify, webauthn:virtualAuthenticators: true}
Session ID: fb7618e1414b1c452c07fc20bb5274ae
*** Element info: {Using=xpath, value=//*[@id="ui-datepicker-div"]/table/tbody/tr[2]/td[1]/a}]]>
            </message>
            <full-stacktrace>
              <![CDATA[org.openqa.selenium.NoSuchElementException: no such element: Unable to locate element: {"method":"xpath","selector":"//*[@id="ui-datepicker-div"]/table/tbody/tr[2]/td[1]/a"}
  (Session info: chrome=83.0.4103.116)
For documentation on this error, please visit: https://www.seleniumhq.org/exceptions/no_such_element.html
Build info: version: '3.141.59', revision: 'e82be7d358', time: '2018-11-14T08:25:48'
System info: host: 'DESKTOP-0TH5CHR', ip: '192.168.56.1', os.name: 'Windows 10', os.arch: 'amd64', os.version: '10.0', java.version: '1.8.0_172'
Driver info: org.openqa.selenium.chrome.ChromeDriver
Capabilities {acceptInsecureCerts: false, browserName: chrome, browserVersion: 83.0.4103.116, chrome: {chromedriverVersion: 83.0.4103.39 (ccbf011cb2d2b..., userDataDir: C:\Users\Dell\AppData\Local...}, goog:chromeOptions: {debuggerAddress: localhost:48794}, javascriptEnabled: true, networkConnectionEnabled: false, pageLoadStrategy: normal, platform: WINDOWS, platformName: WINDOWS, proxy: Proxy(), setWindowRect: true, strictFileInteractability: false, timeouts: {implicit: 0, pageLoad: 300000, script: 30000}, unhandledPromptBehavior: dismiss and notify, webauthn:virtualAuthenticators: true}
Session ID: fb7618e1414b1c452c07fc20bb5274ae
*** Element info: {Using=xpath, value=//*[@id="ui-datepicker-div"]/table/tbody/tr[2]/td[1]/a}
at sun.reflect.NativeConstructorAccessorImpl.newInstance0(Native Method)
at sun.reflect.NativeConstructorAccessorImpl.newInstance(NativeConstructorAccessorImpl.java:62)
at sun.reflect.DelegatingConstructorAccessorImpl.newInstance(DelegatingConstructorAccessorImpl.java:45)
at java.lang.reflect.Constructor.newInstance(Constructor.java:423)
at org.openqa.selenium.remote.http.W3CHttpResponseCodec.createException(W3CHttpResponseCodec.java:187)
at org.openqa.selenium.remote.http.W3CHttpResponseCodec.decode(W3CHttpResponseCodec.java:122)
at org.openqa.selenium.remote.http.W3CHttpResponseCodec.decode(W3CHttpResponseCodec.java:49)
at org.openqa.selenium.remote.HttpCommandExecutor.execute(HttpCommandExecutor.java:158)
at org.openqa.selenium.remote.service.DriverCommandExecutor.execute(DriverCommandExecutor.java:83)
at org.openqa.selenium.remote.RemoteWebDriver.execute(RemoteWebDriver.java:552)
at org.openqa.selenium.remote.RemoteWebDriver.findElement(RemoteWebDriver.java:323)
at org.openqa.selenium.remote.RemoteWebDriver.findElementByXPath(RemoteWebDriver.java:428)
at org.openqa.selenium.By$ByXPath.findElement(By.java:353)
at org.openqa.selenium.remote.RemoteWebDriver.findElement(RemoteWebDriver.java:315)
at com.skillassure.training.tests.DepartureCalendarSelect.depatureCalendarClick_(DepartureCalendarSelect.java:30)
at sun.reflect.NativeMethodAccessorImpl.invoke0(Native Method)
at sun.reflect.NativeMethodAccessorImpl.invoke(NativeMethodAccessorImpl.java:62)
at sun.reflect.DelegatingMethodAccessorImpl.invoke(DelegatingMethodAccessorImpl.java:43)
at java.lang.reflect.Method.invoke(Method.java:498)
at org.testng.internal.MethodInvocationHelper.invokeMethod(MethodInvocationHelper.java:133)
at org.testng.internal.TestInvoker.invokeMethod(TestInvoker.java:584)
at org.testng.internal.TestInvoker.invokeTestMethod(TestInvoker.java:172)
at org.testng.internal.MethodRunner.runInSequence(MethodRunner.java:46)
at org.testng.internal.TestInvoker$MethodInvocationAgent.invoke(TestInvoker.java:804)
at org.testng.internal.TestInvoker.invokeTestMethods(TestInvoker.java:145)
at org.testng.internal.TestMethodWorker.invokeTestMethods(TestMethodWorker.java:146)
at org.testng.internal.TestMethodWorker.run(TestMethodWorker.java:128)
at java.util.ArrayList.forEach(ArrayList.java:1257)
at org.testng.TestRunner.privateRun(TestRunner.java:770)
at org.testng.TestRunner.run(TestRunner.java:591)
at org.testng.SuiteRunner.runTest(SuiteRunner.java:402)
at org.testng.SuiteRunner.runSequentially(SuiteRunner.java:396)
at org.testng.SuiteRunner.privateRun(SuiteRunner.java:355)
at org.testng.SuiteRunner.run(SuiteRunner.java:304)
at org.testng.SuiteRunnerWorker.runSuite(SuiteRunnerWorker.java:53)
at org.testng.SuiteRunnerWorker.run(SuiteRunnerWorker.java:96)
at org.testng.TestNG.runSuitesSequentially(TestNG.java:1180)
at org.testng.TestNG.runSuitesLocally(TestNG.java:1102)
at org.testng.TestNG.runSuites(TestNG.java:1032)
at org.testng.TestNG.run(TestNG.java:1000)
at org.testng.remote.AbstractRemoteTestNG.run(AbstractRemoteTestNG.java:115)
at org.testng.remote.RemoteTestNG.initAndRun(RemoteTestNG.java:251)
at org.testng.remote.RemoteTestNG.main(RemoteTestNG.java:77)
]]>
            </full-stacktrace>
          </exception> <!-- org.openqa.selenium.NoSuchElementException -->
          <reporter-output>
          </reporter-output>
        </test-method> <!-- depatureCalendarClick_ -->
      </class> <!-- com.skillassure.training.tests.DepartureCalendarSelect -->
      <class name="com.skillassure.training.tests.Data">
        <test-method status="FAIL" signature="login(java.lang.String, java.lang.String)[pri:0, instance:com.skillassure.training.tests.Data@21b2e768]" name="login" duration-ms="3" started-at="2020-07-07T01:55:39 IST" data-provider="empLogin" finished-at="2020-07-07T01:55:39 IST">
          <params>
            <param index="0">
              <value>
                <![CDATA[admin@mindtree.com]]>
              </value>
            </param>
            <param index="1">
              <value>
                <![CDATA[admin]]>
              </value>
            </param>
          </params>
          <exception class="java.lang.NullPointerException">
            <full-stacktrace>
              <![CDATA[java.lang.NullPointerException
at com.skillassure.training.tests.Data.login(Data.java:38)
at sun.reflect.NativeMethodAccessorImpl.invoke0(Native Method)
at sun.reflect.NativeMethodAccessorImpl.invoke(NativeMethodAccessorImpl.java:62)
at sun.reflect.DelegatingMethodAccessorImpl.invoke(DelegatingMethodAccessorImpl.java:43)
at java.lang.reflect.Method.invoke(Method.java:498)
at org.testng.internal.MethodInvocationHelper.invokeMethod(MethodInvocationHelper.java:133)
at org.testng.internal.TestInvoker.invokeMethod(TestInvoker.java:584)
at org.testng.internal.TestInvoker.invokeTestMethod(TestInvoker.java:172)
at org.testng.internal.MethodRunner.runInSequence(MethodRunner.java:46)
at org.testng.internal.TestInvoker$MethodInvocationAgent.invoke(TestInvoker.java:804)
at org.testng.internal.TestInvoker.invokeTestMethods(TestInvoker.java:145)
at org.testng.internal.TestMethodWorker.invokeTestMethods(TestMethodWorker.java:146)
at org.testng.internal.TestMethodWorker.run(TestMethodWorker.java:128)
at java.util.ArrayList.forEach(ArrayList.java:1257)
at org.testng.TestRunner.privateRun(TestRunner.java:770)
at org.testng.TestRunner.run(TestRunner.java:591)
at org.testng.SuiteRunner.runTest(SuiteRunner.java:402)
at org.testng.SuiteRunner.runSequentially(SuiteRunner.java:396)
at org.testng.SuiteRunner.privateRun(SuiteRunner.java:355)
at org.testng.SuiteRunner.run(SuiteRunner.java:304)
at org.testng.SuiteRunnerWorker.runSuite(SuiteRunnerWorker.java:53)
at org.testng.SuiteRunnerWorker.run(SuiteRunnerWorker.java:96)
at org.testng.TestNG.runSuitesSequentially(TestNG.java:1180)
at org.testng.TestNG.runSuitesLocally(TestNG.java:1102)
at org.testng.TestNG.runSuites(TestNG.java:1032)
at org.testng.TestNG.run(TestNG.java:1000)
at org.testng.remote.AbstractRemoteTestNG.run(AbstractRemoteTestNG.java:115)
at org.testng.remote.RemoteTestNG.initAndRun(RemoteTestNG.java:251)
at org.testng.remote.RemoteTestNG.main(RemoteTestNG.java:77)
]]>
            </full-stacktrace>
          </exception> <!-- java.lang.NullPointerException -->
          <reporter-output>
          </reporter-output>
        </test-method> <!-- login -->
      </class> <!-- com.skillassure.training.tests.Data -->
    </test> <!-- Test -->
  </suite> <!-- Suite -->
</testng-results>
